<?xml version="1.0" encoding="UTF-8"?>
<!-- Generated by org.testng.reporters.JUnitXMLReporter -->
<testsuite hostname="C4LAP203" name="Book Search" tests="4" failures="0" timestamp="12 Apr 2018 15:05:21 GMT" time="111.433" errors="0">
  <testcase name="searchCategory" time="8.62" classname="com.pro.testcases.AmazonSearch"/>
  <testcase name="searchCategory" time="42.089" classname="com.pro.testcases.AmazonSearch"/>
  <testcase name="searchCategory" time="0.001" classname="com.pro.testcases.AmazonSearch">
    <skipped/>
  </testcase> <!-- searchCategory -->
  <testcase name="searchCategory" time="41.965" classname="com.pro.testcases.AmazonSearch"/>
</testsuite> <!-- Book Search -->
