<?xml version="1.0" encoding="UTF-8"?>
<testng-results skipped="1" failed="0" total="4" passed="3">
  <reporter-output>
    <line>
      <![CDATA[--login--]]>
    </line>
  </reporter-output>
  <suite name="Demo_Amazon_Search" duration-ms="111433" started-at="2018-04-12T15:03:29Z" finished-at="2018-04-12T15:05:21Z">
    <groups>
    </groups>
    <test name="Book Search" duration-ms="111433" started-at="2018-04-12T15:03:29Z" finished-at="2018-04-12T15:05:21Z">
      <class name="com.pro.testcases.AmazonSearch">
        <test-method status="PASS" signature="beforeTest()[pri:0, instance:com.pro.testcases.AmazonSearch@184cf7cf]" name="beforeTest" is-config="true" duration-ms="17241" started-at="2018-04-12T16:03:29Z" finished-at="2018-04-12T16:03:46Z">
          <reporter-output>
            <line>
              <![CDATA[--login--]]>
            </line>
          </reporter-output>
        </test-method> <!-- beforeTest -->
        <test-method status="PASS" signature="searchCategory(java.util.Hashtable)[pri:0, instance:com.pro.testcases.AmazonSearch@184cf7cf]" name="searchCategory" duration-ms="8620" started-at="2018-04-12T16:03:46Z" data-provider="getCategoryDetails" finished-at="2018-04-12T16:03:55Z">
          <params>
            <param index="0">
              <value>
                <![CDATA[{searchFromResult=1.0, searchContent=data catalog, Runmode=Y, selectCategory=Books, paperOrHardPrice=$22.02 - $55.05, kindlePrice=$63.09, authorName=Allison G. Kaplan, customerReviews=4 customer reviews, bookTitle=Catalog It!: A Guide to Cataloging School Library Materials, 3rd Edition}]]>
              </value>
            </param>
          </params>
          <reporter-output>
          </reporter-output>
        </test-method> <!-- searchCategory -->
        <test-method status="PASS" signature="setStatus()[pri:0, instance:com.pro.testcases.AmazonSearch@184cf7cf]" name="setStatus" is-config="true" duration-ms="2" started-at="2018-04-12T16:03:55Z" finished-at="2018-04-12T16:03:55Z">
          <reporter-output>
          </reporter-output>
        </test-method> <!-- setStatus -->
        <test-method status="PASS" signature="searchCategory(java.util.Hashtable)[pri:0, instance:com.pro.testcases.AmazonSearch@184cf7cf]" name="searchCategory" duration-ms="42089" started-at="2018-04-12T16:03:55Z" data-provider="getCategoryDetails" finished-at="2018-04-12T16:04:37Z">
          <params>
            <param index="0">
              <value>
                <![CDATA[{searchFromResult=2.0, searchContent=data catalog, Runmode=Y, selectCategory=Books, paperOrHardPrice=$23.79, kindlePrice=$18.61, authorName=Library of Congress, customerReviews=34 customer reviews, bookTitle=The Card Catalog: Books, Cards, and Literary Treasures}]]>
              </value>
            </param>
          </params>
          <reporter-output>
          </reporter-output>
        </test-method> <!-- searchCategory -->
        <test-method status="PASS" signature="setStatus()[pri:0, instance:com.pro.testcases.AmazonSearch@184cf7cf]" name="setStatus" is-config="true" duration-ms="1" started-at="2018-04-12T16:04:37Z" finished-at="2018-04-12T16:04:37Z">
          <reporter-output>
          </reporter-output>
        </test-method> <!-- setStatus -->
        <test-method status="SKIP" signature="searchCategory(java.util.Hashtable)[pri:0, instance:com.pro.testcases.AmazonSearch@184cf7cf]" name="searchCategory" duration-ms="1" started-at="2018-04-12T16:04:37Z" data-provider="getCategoryDetails" finished-at="2018-04-12T16:04:37Z">
          <params>
            <param index="0">
              <value>
                <![CDATA[{searchFromResult=3.0, searchContent=data catalog, Runmode=N, selectCategory=Books, paperOrHardPrice=, kindlePrice=, authorName=, customerReviews=, bookTitle=}]]>
              </value>
            </param>
          </params>
          <exception class="org.testng.SkipException">
            <message>
              <![CDATA[Skipping the test]]>
            </message>
            <full-stacktrace>
              <![CDATA[org.testng.SkipException: Skipping the test
	at com.pro.testcases.AmazonSearch.searchCategory(AmazonSearch.java:61)
	at sun.reflect.NativeMethodAccessorImpl.invoke0(Native Method)
	at sun.reflect.NativeMethodAccessorImpl.invoke(Unknown Source)
	at sun.reflect.DelegatingMethodAccessorImpl.invoke(Unknown Source)
	at java.lang.reflect.Method.invoke(Unknown Source)
	at org.testng.internal.MethodInvocationHelper.invokeMethod(MethodInvocationHelper.java:85)
	at org.testng.internal.Invoker.invokeMethod(Invoker.java:639)
	at org.testng.internal.Invoker.invokeTestMethod(Invoker.java:816)
	at org.testng.internal.Invoker.invokeTestMethods(Invoker.java:1124)
	at org.testng.internal.TestMethodWorker.invokeTestMethods(TestMethodWorker.java:125)
	at org.testng.internal.TestMethodWorker.run(TestMethodWorker.java:108)
	at org.testng.TestRunner.privateRun(TestRunner.java:774)
	at org.testng.TestRunner.run(TestRunner.java:624)
	at org.testng.SuiteRunner.runTest(SuiteRunner.java:359)
	at org.testng.SuiteRunner.runSequentially(SuiteRunner.java:354)
	at org.testng.SuiteRunner.privateRun(SuiteRunner.java:312)
	at org.testng.SuiteRunner.run(SuiteRunner.java:261)
	at org.testng.SuiteRunnerWorker.runSuite(SuiteRunnerWorker.java:52)
	at org.testng.SuiteRunnerWorker.run(SuiteRunnerWorker.java:86)
	at org.testng.TestNG.runSuitesSequentially(TestNG.java:1215)
	at org.testng.TestNG.runSuitesLocally(TestNG.java:1140)
	at org.testng.TestNG.run(TestNG.java:1048)
	at org.testng.remote.AbstractRemoteTestNG.run(AbstractRemoteTestNG.java:114)
	at org.testng.remote.RemoteTestNG.initAndRun(RemoteTestNG.java:251)
	at org.testng.remote.RemoteTestNG.main(RemoteTestNG.java:77)
]]>
            </full-stacktrace>
          </exception> <!-- org.testng.SkipException -->
          <reporter-output>
          </reporter-output>
        </test-method> <!-- searchCategory -->
        <test-method status="PASS" signature="searchCategory(java.util.Hashtable)[pri:0, instance:com.pro.testcases.AmazonSearch@184cf7cf]" name="searchCategory" duration-ms="41965" started-at="2018-04-12T16:04:37Z" data-provider="getCategoryDetails" finished-at="2018-04-12T16:05:19Z">
          <params>
            <param index="0">
              <value>
                <![CDATA[{searchFromResult=1.0, searchContent=computer, Runmode=Y, selectCategory=Books, paperOrHardPrice=, kindlePrice=$12.75, authorName=Charles Petzold, customerReviews=399 customer reviews, bookTitle=Code: The Hidden Language of Computer Hardware and Software}]]>
              </value>
            </param>
          </params>
          <reporter-output>
          </reporter-output>
        </test-method> <!-- searchCategory -->
        <test-method status="PASS" signature="setStatus()[pri:0, instance:com.pro.testcases.AmazonSearch@184cf7cf]" name="setStatus" is-config="true" duration-ms="0" started-at="2018-04-12T16:04:37Z" finished-at="2018-04-12T16:04:37Z">
          <reporter-output>
          </reporter-output>
        </test-method> <!-- setStatus -->
        <test-method status="PASS" signature="setStatus()[pri:0, instance:com.pro.testcases.AmazonSearch@184cf7cf]" name="setStatus" is-config="true" duration-ms="0" started-at="2018-04-12T16:05:19Z" finished-at="2018-04-12T16:05:19Z">
          <reporter-output>
          </reporter-output>
        </test-method> <!-- setStatus -->
        <test-method status="PASS" signature="close()[pri:0, instance:com.pro.testcases.AmazonSearch@184cf7cf]" name="close" is-config="true" duration-ms="1484" started-at="2018-04-12T16:05:19Z" finished-at="2018-04-12T16:05:21Z">
          <reporter-output>
          </reporter-output>
        </test-method> <!-- close -->
      </class> <!-- com.pro.testcases.AmazonSearch -->
    </test> <!-- Book Search -->
  </suite> <!-- Demo_Amazon_Search -->
</testng-results>
